<?xml version="1.0" encoding="UTF-8"?>
<!-- Generated by org.testng.reporters.JUnitXMLReporter -->
<testsuite ignored="0" hostname="DESKTOP-BUGJDR2" failures="1" tests="10" name="Surefire test" time="393.276" errors="0" timestamp="2022-07-18T23:02:19 EET">
  <testcase classname="com.musala.testcases.TestCase1" name="shouldBeAbleToValidateEmail" time="31.958"/>
  <testcase classname="com.musala.testcases.TestCase1" name="shouldBeAbleToValidateEmail" time="31.205"/>
  <testcase classname="com.musala.testcases.TestCase1" name="shouldBeAbleToValidateEmail" time="30.983"/>
  <testcase classname="com.musala.testcases.TestCase1" name="shouldBeAbleToValidateEmail" time="31.743"/>
  <testcase classname="com.musala.testcases.TestCase1" name="shouldBeAbleToValidateEmail" time="31.137"/>
  <testcase classname="com.musala.testcases.TestCase4" name="filterAndPrintAvailablePositionsByCity" time="55.93"/>
  <testcase classname="com.musala.testcases.TestCase2" name="verifyCompanyPageURLandLeadershipSection" time="27.826"/>
  <testcase classname="com.musala.testcases.TestCase3" name="verifyJoinUsPageAndMainSections" time="55.288"/>
  <testcase classname="com.musala.testcases.TestCase2" name="verifyFBurlAndPorfileImg" time="33.04"/>
  <testcase classname="com.musala.testcases.TestCase3" name="verifyApplyErrorMessagesAreShown" time="39.259">
    <failure type="org.openqa.selenium.WebDriverException" message="unknown error: cannot determine loading status
from unknown error: unexpected command response
  (Session info: chrome=103.0.5060.114)
Build info: version: &amp;apos;4.3.0&amp;apos;, revision: &amp;apos;a4995e2c09*&amp;apos;
System info: host: &amp;apos;DESKTOP-BUGJDR2&amp;apos;, ip: &amp;apos;192.168.1.12&amp;apos;, os.name: &amp;apos;Windows 10&amp;apos;, os.arch: &amp;apos;amd64&amp;apos;, os.version: &amp;apos;10.0&amp;apos;, java.version: &amp;apos;14.0.1&amp;apos;
Driver info: org.openqa.selenium.chrome.ChromeDriver
Command: [dd1c76a895e5811ddcce1863035f273a, findElement {using=xpath, value=//*[@id=&amp;quot;wpcf7-f880-o1&amp;quot;]/form/p[3]/span/span}]
Capabilities {acceptInsecureCerts: false, browserName: chrome, browserVersion: 103.0.5060.114, chrome: {chromedriverVersion: 103.0.5060.53 (a1711811edd7..., userDataDir: C:\Users\Ibrahim\AppData\Lo...}, goog:chromeOptions: {debuggerAddress: localhost:62172}, networkConnectionEnabled: false, pageLoadStrategy: normal, platformName: WINDOWS, proxy: Proxy(), se:cdp: ws://localhost:62172/devtoo..., se:cdpVersion: 103.0.5060.114, setWindowRect: true, strictFileInteractability: false, timeouts: {implicit: 0, pageLoad: 300000, script: 30000}, unhandledPromptBehavior: dismiss and notify, webauthn:extension:credBlob: true, webauthn:extension:largeBlob: true, webauthn:virtualAuthenticators: true}
Session ID: dd1c76a895e5811ddcce1863035f273a">
      <![CDATA[org.openqa.selenium.WebDriverException: unknown error: cannot determine loading status
from unknown error: unexpected command response
  (Session info: chrome=103.0.5060.114)
Build info: version: '4.3.0', revision: 'a4995e2c09*'
System info: host: 'DESKTOP-BUGJDR2', ip: '192.168.1.12', os.name: 'Windows 10', os.arch: 'amd64', os.version: '10.0', java.version: '14.0.1'
Driver info: org.openqa.selenium.chrome.ChromeDriver
Command: [dd1c76a895e5811ddcce1863035f273a, findElement {using=xpath, value=//*[@id="wpcf7-f880-o1"]/form/p[3]/span/span}]
Capabilities {acceptInsecureCerts: false, browserName: chrome, browserVersion: 103.0.5060.114, chrome: {chromedriverVersion: 103.0.5060.53 (a1711811edd7..., userDataDir: C:\Users\Ibrahim\AppData\Lo...}, goog:chromeOptions: {debuggerAddress: localhost:62172}, networkConnectionEnabled: false, pageLoadStrategy: normal, platformName: WINDOWS, proxy: Proxy(), se:cdp: ws://localhost:62172/devtoo..., se:cdpVersion: 103.0.5060.114, setWindowRect: true, strictFileInteractability: false, timeouts: {implicit: 0, pageLoad: 300000, script: 30000}, unhandledPromptBehavior: dismiss and notify, webauthn:extension:credBlob: true, webauthn:extension:largeBlob: true, webauthn:virtualAuthenticators: true}
Session ID: dd1c76a895e5811ddcce1863035f273a
at org.openqa.selenium.remote.codec.w3c.W3CHttpResponseCodec.createException(W3CHttpResponseCodec.java:200)
at org.openqa.selenium.remote.codec.w3c.W3CHttpResponseCodec.decode(W3CHttpResponseCodec.java:133)
at org.openqa.selenium.remote.codec.w3c.W3CHttpResponseCodec.decode(W3CHttpResponseCodec.java:53)
at org.openqa.selenium.remote.HttpCommandExecutor.execute(HttpCommandExecutor.java:184)
at org.openqa.selenium.remote.service.DriverCommandExecutor.invokeExecute(DriverCommandExecutor.java:167)
at org.openqa.selenium.remote.service.DriverCommandExecutor.execute(DriverCommandExecutor.java:142)
at org.openqa.selenium.remote.RemoteWebDriver.execute(RemoteWebDriver.java:569)
at org.openqa.selenium.remote.ElementLocation$ElementFinder$2.findElement(ElementLocation.java:162)
at org.openqa.selenium.remote.ElementLocation.findElement(ElementLocation.java:60)
at org.openqa.selenium.remote.RemoteWebDriver.findElement(RemoteWebDriver.java:387)
at org.openqa.selenium.remote.RemoteWebDriver.findElement(RemoteWebDriver.java:379)
at org.openqa.selenium.support.ui.ExpectedConditions$6.apply(ExpectedConditions.java:174)
at org.openqa.selenium.support.ui.ExpectedConditions$6.apply(ExpectedConditions.java:171)
at org.openqa.selenium.support.ui.FluentWait.until(FluentWait.java:208)
at com.musala.base.BasePage.presenceOfElement(BasePage.java:34)
at com.musala.pages.ApplyPositionPage.getEmailErrorMessage(ApplyPositionPage.java:67)
at com.musala.testcases.TestCase3.verifyApplyErrorMessagesAreShown(TestCase3.java:62)
at java.base/java.util.concurrent.ThreadPoolExecutor.runWorker(ThreadPoolExecutor.java:1130)
at java.base/java.util.concurrent.ThreadPoolExecutor$Worker.run(ThreadPoolExecutor.java:630)
at java.base/java.lang.Thread.run(Thread.java:832)
... Removed 17 stack frames]]>
    </failure>
  </testcase> <!-- verifyApplyErrorMessagesAreShown -->
</testsuite> <!-- Surefire test -->
